<?xml version="1.0" encoding="UTF-8"?>
<testsuite xmlns:xsi="http://www.w3.org/2001/XMLSchema-instance" xsi:noNamespaceSchemaLocation="https://maven.apache.org/surefire/maven-surefire-plugin/xsd/surefire-test-report-3.0.xsd" version="3.0" name="TestSuite" time="13.218" tests="1" errors="0" skipped="0" failures="0">
  <properties>
[...]
</properties>
  <testcase name="browserLaunch[firefox](1)" classname="Test1.Openbrowser" time="12.836">
    <system-out><![CDATA[Browser Name is:firefox
https://www.makemytrip.com/
]]></system-out>
    <system-err><![CDATA[[main] INFO io.github.bonigarcia.wdm.WebDriverManager - Reading https://raw.githubusercontent.com/bonigarcia/webdrivermanager/master/docs/mirror/geckodriver to seek geckodriver
[main] INFO io.github.bonigarcia.wdm.online.Downloader - Downloading https://github.com/mozilla/geckodriver/releases/download/v0.34.0/geckodriver-v0.34.0-win64.zip
[main] INFO io.github.bonigarcia.wdm.online.Downloader - Extracting driver from compressed file geckodriver-v0.34.0-win64.zip
[main] INFO io.github.bonigarcia.wdm.WebDriverManager - Exporting webdriver.gecko.driver as C:\Users\Sudhanshu\.cache\selenium\geckodriver\win64\0.34.0\geckodriver.exe
]]></system-err>
  </testcase>
</testsuite>