<?xml version="1.0" encoding="UTF-8"?>
<testng-results ignored="0" total="1" passed="1" failed="0" skipped="0">
  <reporter-output>
  </reporter-output>
  <suite started-at="2024-02-15T23:33:36 IST" name="Suite" finished-at="2024-02-15T23:33:49 IST" duration-ms="12883">
    <groups>
    </groups>
    <test started-at="2024-02-15T23:33:36 IST" name="Test" finished-at="2024-02-15T23:33:49 IST" duration-ms="12883">
      <class name="Test1.Openbrowser">
        <test-method signature="browserLaunch(java.lang.String)[pri:0, instance:Test1.Openbrowser@31c88ec8]" started-at="2024-02-15T23:33:36 IST" name="browserLaunch" finished-at="2024-02-15T23:33:49 IST" duration-ms="12851" status="PASS">
          <params>
            <param index="0">
              <value>
                <![CDATA[firefox]]>
              </value>
            </param>
          </params>
          <reporter-output>
          </reporter-output>
        </test-method> <!-- browserLaunch -->
      </class> <!-- Test1.Openbrowser -->
    </test> <!-- Test -->
  </suite> <!-- Suite -->
</testng-results>
