<?xml version="1.0" encoding="UTF-8"?>
<testng-results ignored="0" total="1" passed="1" failed="0" skipped="0">
  <reporter-output>
  </reporter-output>
  <suite started-at="2024-02-13T17:46:26 IST" name="Default suite" finished-at="2024-02-13T17:46:40 IST" duration-ms="13519">
    <groups>
    </groups>
    <test started-at="2024-02-13T17:46:26 IST" name="Default test" finished-at="2024-02-13T17:46:40 IST" duration-ms="13519">
      <class name="Test1.Openbrowser">
        <test-method signature="browserLaunch()[pri:0, instance:Test1.Openbrowser@3e84448c]" started-at="2024-02-13T17:46:26 IST" name="browserLaunch" finished-at="2024-02-13T17:46:40 IST" duration-ms="13466" status="PASS">
          <reporter-output>
          </reporter-output>
        </test-method> <!-- browserLaunch -->
      </class> <!-- Test1.Openbrowser -->
    </test> <!-- Default test -->
  </suite> <!-- Default suite -->
</testng-results>
